# JRE version: Java(TM) SE Runtime Environment (8.0_151-b12) (build 1.8.0_151-b12)
# Java VM: Java HotSpot(TM) 64-Bit Server VM (25.151-b12 mixed mode windows-amd64 compressed oops)
Heap:
 PSYoungGen      total 254464K, used 89404K [0x000000076b400000, 0x0000000783000000, 0x00000007c0000000)
  eden space 135680K, 5% used [0x000000076b400000,0x000000076bbed240,0x0000000773880000)
  from space 118784K, 68% used [0x000000077ac00000,0x000000077fb620a0,0x0000000782000000)
  to   space 118272K, 0% used [0x0000000773880000,0x0000000773880000,0x000000077ac00000)
 ParOldGen       total 844800K, used 477144K [0x00000006c1c00000, 0x00000006f5500000, 0x000000076b400000)
  object space 844800K, 56% used [0x00000006c1c00000,0x00000006dedf60c8,0x00000006f5500000)
 Metaspace       used 44475K, capacity 46184K, committed 48640K, reserved 1089536K
  class space    used 8398K, capacity 8647K, committed 9472K, reserved 1048576K
GC Heap History (10 events):
Event: 11995.641 GC heap before
{Heap before GC invocations=10752 (full 10):
 PSYoungGen      total 223744K, used 223624K [0x000000076b400000, 0x0000000782500000, 0x00000007c0000000)
  eden space 142336K, 100% used [0x000000076b400000,0x0000000773f00000,0x0000000773f00000)
  from space 81408K, 99% used [0x0000000774000000,0x0000000778f620a0,0x0000000778f80000)
  to   space 117760K, 0% used [0x000000077b200000,0x000000077b200000,0x0000000782500000)
 ParOldGen       total 844800K, used 477018K [0x00000006c1c00000, 0x00000006f5500000, 0x000000076b400000)
  object space 844800K, 56% used [0x00000006c1c00000,0x00000006dedd6b40,0x00000006f5500000)
 Metaspace       used 44475K, capacity 46184K, committed 48640K, reserved 1089536K
  class space    used 8398K, capacity 8647K, committed 9472K, reserved 1048576K
Event: 11995.649 GC heap after
Heap after GC invocations=10752 (full 10):
 PSYoungGen      total 256000K, used 81256K [0x000000076b400000, 0x0000000782200000, 0x00000007c0000000)
  eden space 141312K, 0% used [0x000000076b400000,0x000000076b400000,0x0000000773e00000)
  from space 114688K, 70% used [0x000000077b200000,0x000000078015a0a0,0x0000000782200000)
  to   space 116736K, 0% used [0x0000000773e00000,0x0000000773e00000,0x000000077b000000)
 ParOldGen       total 844800K, used 477034K [0x00000006c1c00000, 0x00000006f5500000, 0x000000076b400000)
  object space 844800K, 56% used [0x00000006c1c00000,0x00000006deddab40,0x00000006f5500000)
 Metaspace       used 44475K, capacity 46184K, committed 48640K, reserved 1089536K
  class space    used 8398K, capacity 8647K, committed 9472K, reserved 1048576K
}
Event: 11997.057 GC heap before
{Heap before GC invocations=10753 (full 10):
 PSYoungGen      total 256000K, used 222568K [0x000000076b400000, 0x0000000782200000, 0x00000007c0000000)
  eden space 141312K, 100% used [0x000000076b400000,0x0000000773e00000,0x0000000773e00000)
  from space 114688K, 70% used [0x000000077b200000,0x000000078015a0a0,0x0000000782200000)
  to   space 116736K, 0% used [0x0000000773e00000,0x0000000773e00000,0x000000077b000000)
 ParOldGen       total 844800K, used 477034K [0x00000006c1c00000, 0x00000006f5500000, 0x000000076b400000)
  object space 844800K, 56% used [0x00000006c1c00000,0x00000006deddab40,0x00000006f5500000)
 Metaspace       used 44475K, capacity 46184K, committed 48640K, reserved 1089536K
  class space    used 8398K, capacity 8647K, committed 9472K, reserved 1048576K
Event: 11997.068 GC heap after
Heap after GC invocations=10753 (full 10):
 PSYoungGen      total 221696K, used 81288K [0x000000076b400000, 0x0000000781e00000, 0x00000007c0000000)
  eden space 140288K, 0% used [0x000000076b400000,0x000000076b400000,0x0000000773d00000)
  from space 81408K, 99% used [0x0000000773e00000,0x0000000778d620a0,0x0000000778d80000)
  to   space 115200K, 0% used [0x000000077ad80000,0x000000077ad80000,0x0000000781e00000)
 ParOldGen       total 844800K, used 477088K [0x00000006c1c00000, 0x00000006f5500000, 0x000000076b400000)
  object space 844800K, 56% used [0x00000006c1c00000,0x00000006dede80c8,0x00000006f5500000)
 Metaspace       used 44475K, capacity 46184K, committed 48640K, reserved 1089536K
  class space    used 8398K, capacity 8647K, committed 9472K, reserved 1048576K
}
Event: 11998.311 GC heap before
{Heap before GC invocations=10754 (full 10):
 PSYoungGen      total 221696K, used 217435K [0x000000076b400000, 0x0000000781e00000, 0x00000007c0000000)
  eden space 140288K, 97% used [0x000000076b400000,0x00000007738f4bd8,0x0000000773d00000)
  from space 81408K, 99% used [0x0000000773e00000,0x0000000778d620a0,0x0000000778d80000)
  to   space 115200K, 0% used [0x000000077ad80000,0x000000077ad80000,0x0000000781e00000)
 ParOldGen       total 844800K, used 477088K [0x00000006c1c00000, 0x00000006f5500000, 0x000000076b400000)
  object space 844800K, 56% used [0x00000006c1c00000,0x00000006dede80c8,0x00000006f5500000)
 Metaspace       used 44475K, capacity 46184K, committed 48640K, reserved 1089536K
  class space    used 8398K, capacity 8647K, committed 9472K, reserved 1048576K
Event: 11998.315 GC heap after
Heap after GC invocations=10754 (full 10):
 PSYoungGen      total 251392K, used 24492K [0x000000076b400000, 0x0000000782500000, 0x00000007c0000000)
  eden space 136192K, 0% used [0x000000076b400000,0x000000076b400000,0x0000000773900000)
  from space 115200K, 21% used [0x000000077ad80000,0x000000077c56b030,0x0000000781e00000)
  to   space 119296K, 0% used [0x0000000773900000,0x0000000773900000,0x000000077ad80000)
 ParOldGen       total 844800K, used 477104K [0x00000006c1c00000, 0x00000006f5500000, 0x000000076b400000)
  object space 844800K, 56% used [0x00000006c1c00000,0x00000006dedec0c8,0x00000006f5500000)
 Metaspace       used 44475K, capacity 46184K, committed 48640K, reserved 1089536K
  class space    used 8398K, capacity 8647K, committed 9472K, reserved 1048576K
}
Event: 11999.197 GC heap before
{Heap before GC invocations=10755 (full 10):
 PSYoungGen      total 251392K, used 160684K [0x000000076b400000, 0x0000000782500000, 0x00000007c0000000)
  eden space 136192K, 100% used [0x000000076b400000,0x0000000773900000,0x0000000773900000)
  from space 115200K, 21% used [0x000000077ad80000,0x000000077c56b030,0x0000000781e00000)
  to   space 119296K, 0% used [0x0000000773900000,0x0000000773900000,0x000000077ad80000)
 ParOldGen       total 844800K, used 477104K [0x00000006c1c00000, 0x00000006f5500000, 0x000000076b400000)
  object space 844800K, 56% used [0x00000006c1c00000,0x00000006dedec0c8,0x00000006f5500000)
 Metaspace       used 44475K, capacity 46184K, committed 48640K, reserved 1089536K
  class space    used 8398K, capacity 8647K, committed 9472K, reserved 1048576K
Event: 11999.205 GC heap after
Heap after GC invocations=10755 (full 10):
 PSYoungGen      total 216576K, used 81288K [0x000000076b400000, 0x0000000782000000, 0x00000007c0000000)
  eden space 135168K, 0% used [0x000000076b400000,0x000000076b400000,0x0000000773800000)
  from space 81408K, 99% used [0x0000000773900000,0x00000007788620a0,0x0000000778880000)
  to   space 118784K, 0% used [0x000000077ac00000,0x000000077ac00000,0x0000000782000000)
 ParOldGen       total 844800K, used 477120K [0x00000006c1c00000, 0x00000006f5500000, 0x000000076b400000)
  object space 844800K, 56% used [0x00000006c1c00000,0x00000006dedf00c8,0x00000006f5500000)
 Metaspace       used 44475K, capacity 46184K, committed 48640K, reserved 1089536K
  class space    used 8398K, capacity 8647K, committed 9472K, reserved 1048576K
}
Event: 11999.889 GC heap before
{Heap before GC invocations=10756 (full 10):
 PSYoungGen      total 216576K, used 216456K [0x000000076b400000, 0x0000000782000000, 0x00000007c0000000)
  eden space 135168K, 100% used [0x000000076b400000,0x0000000773800000,0x0000000773800000)
  from space 81408K, 99% used [0x0000000773900000,0x00000007788620a0,0x0000000778880000)
  to   space 118784K, 0% used [0x000000077ac00000,0x000000077ac00000,0x0000000782000000)
 ParOldGen       total 844800K, used 477120K [0x00000006c1c00000, 0x00000006f5500000, 0x000000076b400000)
  object space 844800K, 56% used [0x00000006c1c00000,0x00000006dedf00c8,0x00000006f5500000)
 Metaspace       used 44475K, capacity 46184K, committed 48640K, reserved 1089536K
  class space    used 8398K, capacity 8647K, committed 9472K, reserved 1048576K
Event: 11999.901 GC heap after
Heap after GC invocations=10756 (full 10):
 PSYoungGen      total 254464K, used 81288K [0x000000076b400000, 0x0000000783000000, 0x00000007c0000000)
  eden space 135680K, 0% used [0x000000076b400000,0x000000076b400000,0x0000000773880000)
  from space 118784K, 68% used [0x000000077ac00000,0x000000077fb620a0,0x0000000782000000)
  to   space 118272K, 0% used [0x0000000773880000,0x0000000773880000,0x000000077ac00000)
 ParOldGen       total 844800K, used 477144K [0x00000006c1c00000, 0x00000006f5500000, 0x000000076b400000)
  object space 844800K, 56% used [0x00000006c1c00000,0x00000006dedf60c8,0x00000006f5500000)
 Metaspace       used 44475K, capacity 46184K, committed 48640K, reserved 1089536K
  class space    used 8398K, capacity 8647K, committed 9472K, reserved 1048576K
}

