# JRE version: Java(TM) SE Runtime Environment (8.0_151-b12) (build 1.8.0_151-b12)
# Java VM: Java HotSpot(TM) 64-Bit Server VM (25.151-b12 mixed mode windows-amd64 compressed oops)
Heap:
 PSYoungGen      total 356864K, used 173405K [0x000000076b400000, 0x0000000787800000, 0x00000007c0000000)
  eden space 280576K, 41% used [0x000000076b400000,0x00000007725b8488,0x000000077c600000)
  from space 76288K, 74% used [0x000000077c600000,0x000000077fd9f070,0x0000000781080000)
  to   space 75776K, 0% used [0x0000000782e00000,0x0000000782e00000,0x0000000787800000)
 ParOldGen       total 357376K, used 354803K [0x00000006c1c00000, 0x00000006d7900000, 0x000000076b400000)
  object space 357376K, 99% used [0x00000006c1c00000,0x00000006d767cdf8,0x00000006d7900000)
 Metaspace       used 51852K, capacity 53858K, committed 59648K, reserved 1097728K
  class space    used 9284K, capacity 9568K, committed 11520K, reserved 1048576K
GC Heap History (10 events):
Event: 290939.436 GC heap before
{Heap before GC invocations=193403 (full 8):
 PSYoungGen      total 302592K, used 281615K [0x000000076b400000, 0x0000000782500000, 0x00000007c0000000)
  eden space 227328K, 98% used [0x000000076b400000,0x0000000778f64dc0,0x0000000779200000)
  from space 75264K, 75% used [0x000000077db00000,0x000000078129f070,0x0000000782480000)
  to   space 74752K, 0% used [0x0000000779200000,0x0000000779200000,0x000000077db00000)
 ParOldGen       total 357376K, used 354654K [0x00000006c1c00000, 0x00000006d7900000, 0x000000076b400000)
  object space 357376K, 99% used [0x00000006c1c00000,0x00000006d7657870,0x00000006d7900000)
 Metaspace       used 51852K, capacity 53858K, committed 59648K, reserved 1097728K
  class space    used 9284K, capacity 9568K, committed 11520K, reserved 1048576K
Event: 290939.442 GC heap after
Heap after GC invocations=193403 (full 8):
 PSYoungGen      total 302080K, used 24460K [0x000000076b400000, 0x0000000784180000, 0x00000007c0000000)
  eden space 227328K, 0% used [0x000000076b400000,0x000000076b400000,0x0000000779200000)
  from space 74752K, 32% used [0x0000000779200000,0x000000077a9e3030,0x000000077db00000)
  to   space 77312K, 0% used [0x000000077f600000,0x000000077f600000,0x0000000784180000)
 ParOldGen       total 357376K, used 354678K [0x00000006c1c00000, 0x00000006d7900000, 0x000000076b400000)
  object space 357376K, 99% used [0x00000006c1c00000,0x00000006d765d870,0x00000006d7900000)
 Metaspace       used 51852K, capacity 53858K, committed 59648K, reserved 1097728K
  class space    used 9284K, capacity 9568K, committed 11520K, reserved 1048576K
}
Event: 290940.871 GC heap before
{Heap before GC invocations=193404 (full 8):
 PSYoungGen      total 302080K, used 251788K [0x000000076b400000, 0x0000000784180000, 0x00000007c0000000)
  eden space 227328K, 100% used [0x000000076b400000,0x0000000779200000,0x0000000779200000)
  from space 74752K, 32% used [0x0000000779200000,0x000000077a9e3030,0x000000077db00000)
  to   space 77312K, 0% used [0x000000077f600000,0x000000077f600000,0x0000000784180000)
 ParOldGen       total 357376K, used 354678K [0x00000006c1c00000, 0x00000006d7900000, 0x000000076b400000)
  object space 357376K, 99% used [0x00000006c1c00000,0x00000006d765d870,0x00000006d7900000)
 Metaspace       used 51852K, capacity 53858K, committed 59648K, reserved 1097728K
  class space    used 9284K, capacity 9568K, committed 11520K, reserved 1048576K
Event: 290940.884 GC heap after
Heap after GC invocations=193404 (full 8):
 PSYoungGen      total 329728K, used 56956K [0x000000076b400000, 0x0000000784300000, 0x00000007c0000000)
  eden space 252416K, 0% used [0x000000076b400000,0x000000076b400000,0x000000077aa80000)
  from space 77312K, 73% used [0x000000077f600000,0x0000000782d9f070,0x0000000784180000)
  to   space 77312K, 0% used [0x000000077aa80000,0x000000077aa80000,0x000000077f600000)
 ParOldGen       total 357376K, used 354718K [0x00000006c1c00000, 0x00000006d7900000, 0x000000076b400000)
  object space 357376K, 99% used [0x00000006c1c00000,0x00000006d7667870,0x00000006d7900000)
 Metaspace       used 51852K, capacity 53858K, committed 59648K, reserved 1097728K
  class space    used 9284K, capacity 9568K, committed 11520K, reserved 1048576K
}
Event: 290942.885 GC heap before
{Heap before GC invocations=193405 (full 8):
 PSYoungGen      total 329728K, used 309372K [0x000000076b400000, 0x0000000784300000, 0x00000007c0000000)
  eden space 252416K, 100% used [0x000000076b400000,0x000000077aa80000,0x000000077aa80000)
  from space 77312K, 73% used [0x000000077f600000,0x0000000782d9f070,0x0000000784180000)
  to   space 77312K, 0% used [0x000000077aa80000,0x000000077aa80000,0x000000077f600000)
 ParOldGen       total 357376K, used 354718K [0x00000006c1c00000, 0x00000006d7900000, 0x000000076b400000)
  object space 357376K, 99% used [0x00000006c1c00000,0x00000006d7667870,0x00000006d7900000)
 Metaspace       used 51852K, capacity 53858K, committed 59648K, reserved 1097728K
  class space    used 9284K, capacity 9568K, committed 11520K, reserved 1048576K
Event: 290942.891 GC heap after
Heap after GC invocations=193405 (full 8):
 PSYoungGen      total 329728K, used 56988K [0x000000076b400000, 0x0000000785b80000, 0x00000007c0000000)
  eden space 252416K, 0% used [0x000000076b400000,0x000000076b400000,0x000000077aa80000)
  from space 77312K, 73% used [0x000000077aa80000,0x000000077e227070,0x000000077f600000)
  to   space 76800K, 0% used [0x0000000781080000,0x0000000781080000,0x0000000785b80000)
 ParOldGen       total 357376K, used 354734K [0x00000006c1c00000, 0x00000006d7900000, 0x000000076b400000)
  object space 357376K, 99% used [0x00000006c1c00000,0x00000006d766b870,0x00000006d7900000)
 Metaspace       used 51852K, capacity 53858K, committed 59648K, reserved 1097728K
  class space    used 9284K, capacity 9568K, committed 11520K, reserved 1048576K
}
Event: 290944.998 GC heap before
{Heap before GC invocations=193406 (full 8):
 PSYoungGen      total 329728K, used 309404K [0x000000076b400000, 0x0000000785b80000, 0x00000007c0000000)
  eden space 252416K, 100% used [0x000000076b400000,0x000000077aa80000,0x000000077aa80000)
  from space 77312K, 73% used [0x000000077aa80000,0x000000077e227070,0x000000077f600000)
  to   space 76800K, 0% used [0x0000000781080000,0x0000000781080000,0x0000000785b80000)
 ParOldGen       total 357376K, used 354734K [0x00000006c1c00000, 0x00000006d7900000, 0x000000076b400000)
  object space 357376K, 99% used [0x00000006c1c00000,0x00000006d766b870,0x00000006d7900000)
 Metaspace       used 51852K, capacity 53858K, committed 59648K, reserved 1097728K
  class space    used 9284K, capacity 9568K, committed 11520K, reserved 1048576K
Event: 290945.013 GC heap after
Heap after GC invocations=193406 (full 8):
 PSYoungGen      total 356864K, used 56924K [0x000000076b400000, 0x0000000785b00000, 0x00000007c0000000)
  eden space 280576K, 0% used [0x000000076b400000,0x000000076b400000,0x000000077c600000)
  from space 76288K, 74% used [0x0000000781080000,0x0000000784817070,0x0000000785b00000)
  to   space 76288K, 0% used [0x000000077c600000,0x000000077c600000,0x0000000781080000)
 ParOldGen       total 357376K, used 354787K [0x00000006c1c00000, 0x00000006d7900000, 0x000000076b400000)
  object space 357376K, 99% used [0x00000006c1c00000,0x00000006d7678df8,0x00000006d7900000)
 Metaspace       used 51852K, capacity 53858K, committed 59648K, reserved 1097728K
  class space    used 9284K, capacity 9568K, committed 11520K, reserved 1048576K
}
Event: 290947.098 GC heap before
{Heap before GC invocations=193407 (full 8):
 PSYoungGen      total 356864K, used 337500K [0x000000076b400000, 0x0000000785b00000, 0x00000007c0000000)
  eden space 280576K, 100% used [0x000000076b400000,0x000000077c600000,0x000000077c600000)
  from space 76288K, 74% used [0x0000000781080000,0x0000000784817070,0x0000000785b00000)
  to   space 76288K, 0% used [0x000000077c600000,0x000000077c600000,0x0000000781080000)
 ParOldGen       total 357376K, used 354787K [0x00000006c1c00000, 0x00000006d7900000, 0x000000076b400000)
  object space 357376K, 99% used [0x00000006c1c00000,0x00000006d7678df8,0x00000006d7900000)
 Metaspace       used 51852K, capacity 53858K, committed 59648K, reserved 1097728K
  class space    used 9284K, capacity 9568K, committed 11520K, reserved 1048576K
Event: 290947.108 GC heap after
Heap after GC invocations=193407 (full 8):
 PSYoungGen      total 356864K, used 56956K [0x000000076b400000, 0x0000000787800000, 0x00000007c0000000)
  eden space 280576K, 0% used [0x000000076b400000,0x000000076b400000,0x000000077c600000)
  from space 76288K, 74% used [0x000000077c600000,0x000000077fd9f070,0x0000000781080000)
  to   space 75776K, 0% used [0x0000000782e00000,0x0000000782e00000,0x0000000787800000)
 ParOldGen       total 357376K, used 354803K [0x00000006c1c00000, 0x00000006d7900000, 0x000000076b400000)
  object space 357376K, 99% used [0x00000006c1c00000,0x00000006d767cdf8,0x00000006d7900000)
 Metaspace       used 51852K, capacity 53858K, committed 59648K, reserved 1097728K
  class space    used 9284K, capacity 9568K, committed 11520K, reserved 1048576K
}

